{
  "stats": {
    "suites": 1,
    "tests": 3,
    "passes": 3,
    "pending": 0,
    "failures": 0,
    "start": "2022-02-14T03:52:58.378Z",
    "end": "2022-02-14T03:52:58.631Z",
    "duration": 253,
    "testsRegistered": 3,
    "passPercent": 100,
    "pendingPercent": 0,
    "other": 0,
    "hasOther": false,
    "skipped": 0,
    "hasSkipped": false
  },
  "results": [
    {
      "uuid": "e53a53d8-8762-4d32-affa-be6a896a0c71",
      "title": "",
      "fullFile": "src/components/Counter/hooks.test.ts",
      "file": "src/components/Counter/hooks.test.ts",
      "beforeHooks": [],
      "afterHooks": [],
      "tests": [],
      "suites": [
        {
          "uuid": "e91d195f-817d-42ad-acf7-354095cc09bf",
          "title": "",
          "fullFile": "",
          "file": "",
          "beforeHooks": [],
          "afterHooks": [],
          "tests": [
            {
              "title": "should increment counter",
              "fullTitle": " should increment counter",
              "timedOut": null,
              "duration": 74,
              "state": "passed",
              "speed": "fast",
              "pass": true,
              "fail": false,
              "pending": false,
              "context": null,
              "code": "var result = Object(_testing_library_react_hooks_native__WEBPACK_IMPORTED_MODULE_0__[\"renderHook\"])(function () { return Object(_hooks__WEBPACK_IMPORTED_MODULE_1__[\"useCounter\"])(); }).result;\nObject(_testing_library_react_hooks_native__WEBPACK_IMPORTED_MODULE_0__[\"act\"])(function () {\n    result.current.increment();\n});\nexpect(result.current.counter).to.eq(1);",
              "err": {},
              "uuid": "96a44b45-97ca-4964-9c8b-7fad782f49b1",
              "parentUUID": "e91d195f-817d-42ad-acf7-354095cc09bf",
              "isHook": false,
              "skipped": false
            },
            {
              "title": "should decrement counter",
              "fullTitle": " should decrement counter",
              "timedOut": null,
              "duration": 35,
              "state": "passed",
              "speed": "fast",
              "pass": true,
              "fail": false,
              "pending": false,
              "context": null,
              "code": "var result = Object(_testing_library_react_hooks_native__WEBPACK_IMPORTED_MODULE_0__[\"renderHook\"])(function () { return Object(_hooks__WEBPACK_IMPORTED_MODULE_1__[\"useCounter\"])(2); }).result;\nObject(_testing_library_react_hooks_native__WEBPACK_IMPORTED_MODULE_0__[\"act\"])(function () {\n    result.current.decrement();\n});\nexpect(result.current.counter).to.eq(1);",
              "err": {},
              "uuid": "6e420f78-bd9e-4016-a9c8-a8c675bd7cf7",
              "parentUUID": "e91d195f-817d-42ad-acf7-354095cc09bf",
              "isHook": false,
              "skipped": false
            },
            {
              "title": "should prevent decrement below 0",
              "fullTitle": " should prevent decrement below 0",
              "timedOut": null,
              "duration": 54,
              "state": "passed",
              "speed": "fast",
              "pass": true,
              "fail": false,
              "pending": false,
              "context": null,
              "code": "var result = Object(_testing_library_react_hooks_native__WEBPACK_IMPORTED_MODULE_0__[\"renderHook\"])(function () { return Object(_hooks__WEBPACK_IMPORTED_MODULE_1__[\"useCounter\"])(); }).result;\nObject(_testing_library_react_hooks_native__WEBPACK_IMPORTED_MODULE_0__[\"act\"])(function () {\n    result.current.decrement();\n});\nexpect(result.current.counter).to.eq(0);",
              "err": {},
              "uuid": "ed54493f-228a-4f50-aa00-58fb6d3f15de",
              "parentUUID": "e91d195f-817d-42ad-acf7-354095cc09bf",
              "isHook": false,
              "skipped": false
            }
          ],
          "suites": [],
          "passes": [
            "96a44b45-97ca-4964-9c8b-7fad782f49b1",
            "6e420f78-bd9e-4016-a9c8-a8c675bd7cf7",
            "ed54493f-228a-4f50-aa00-58fb6d3f15de"
          ],
          "failures": [],
          "pending": [],
          "skipped": [],
          "duration": 163,
          "root": false,
          "rootEmpty": false,
          "_timeout": 2000
        }
      ],
      "passes": [],
      "failures": [],
      "pending": [],
      "skipped": [],
      "duration": 0,
      "root": true,
      "rootEmpty": true,
      "_timeout": 2000
    }
  ],
  "meta": {
    "mocha": {
      "version": "7.0.1"
    },
    "mochawesome": {
      "options": {
        "quiet": false,
        "reportFilename": "mochawesome",
        "saveHtml": false,
        "saveJson": true,
        "consoleReporter": "spec",
        "useInlineDiffs": false,
        "code": true
      },
      "version": "7.0.1"
    },
    "marge": {
      "options": {
        "reportDir": "cypress/report/mochawesome-report",
        "overwrite": false,
        "html": false,
        "json": true,
        "timestamp": "mmddyyyy_HHMMss"
      },
      "version": "6.0.1"
    }
  }
}