{
  "stats": {
    "suites": 1,
    "tests": 2,
    "passes": 1,
    "pending": 0,
    "failures": 1,
    "start": "2022-02-14T03:45:12.709Z",
    "end": "2022-02-14T03:45:33.877Z",
    "duration": 21168,
    "testsRegistered": 2,
    "passPercent": 50,
    "pendingPercent": 0,
    "other": 0,
    "hasOther": false,
    "skipped": 0,
    "hasSkipped": false
  },
  "results": [
    {
      "uuid": "bc291e41-c9f0-4211-9a14-9ba00fc5ca8d",
      "title": "",
      "fullFile": "cypress/integration/home.test.ts",
      "file": "cypress/integration/home.test.ts",
      "beforeHooks": [],
      "afterHooks": [],
      "tests": [],
      "suites": [
        {
          "uuid": "10cfbfef-d335-4155-b1a4-9bbe639d3d38",
          "title": "Index Page",
          "fullFile": "",
          "file": "",
          "beforeHooks": [],
          "afterHooks": [],
          "tests": [
            {
              "title": "should render",
              "fullTitle": "Index Page should render",
              "timedOut": null,
              "duration": 11987,
              "state": "failed",
              "speed": null,
              "pass": false,
              "fail": true,
              "pending": false,
              "context": null,
              "code": "cy.get(\"[data-cy=title]\").contains(\"Microdosing\");",
              "err": {
                "message": "AssertionError: Timed out retrying after 4000ms: Expected to find element: `[data-cy=title]`, but never found it.",
                "estack": "AssertionError: Timed out retrying after 4000ms: Expected to find element: `[data-cy=title]`, but never found it.\n    at Context.eval (http://localhost:3000/__cypress/tests?p=cypress/integration/home.test.ts:104:12)",
                "diff": null
              },
              "uuid": "6670e48c-e9bd-4398-b2ea-d6f831ce7988",
              "parentUUID": "10cfbfef-d335-4155-b1a4-9bbe639d3d38",
              "isHook": false,
              "skipped": false
            },
            {
              "title": "should redirect to About",
              "fullTitle": "Index Page should redirect to About",
              "timedOut": null,
              "duration": 6787,
              "state": "passed",
              "speed": "medium",
              "pass": true,
              "fail": false,
              "pending": false,
              "context": null,
              "code": "cy.get('[href=\"/about\"]').click();\ncy.url().should(\"include\", \"about\");",
              "err": {},
              "uuid": "808279e7-8b76-46c2-91ab-af1f82ab1e36",
              "parentUUID": "10cfbfef-d335-4155-b1a4-9bbe639d3d38",
              "isHook": false,
              "skipped": false
            }
          ],
          "suites": [],
          "passes": [
            "808279e7-8b76-46c2-91ab-af1f82ab1e36"
          ],
          "failures": [
            "6670e48c-e9bd-4398-b2ea-d6f831ce7988"
          ],
          "pending": [],
          "skipped": [],
          "duration": 18774,
          "root": false,
          "rootEmpty": false,
          "_timeout": 2000
        }
      ],
      "passes": [],
      "failures": [],
      "pending": [],
      "skipped": [],
      "duration": 0,
      "root": true,
      "rootEmpty": true,
      "_timeout": 2000
    }
  ],
  "meta": {
    "mocha": {
      "version": "7.0.1"
    },
    "mochawesome": {
      "options": {
        "quiet": false,
        "reportFilename": "mochawesome",
        "saveHtml": false,
        "saveJson": true,
        "consoleReporter": "spec",
        "useInlineDiffs": false,
        "code": true
      },
      "version": "7.0.1"
    },
    "marge": {
      "options": {
        "reportDir": "cypress/report/mochawesome-report",
        "overwrite": false,
        "html": false,
        "json": true,
        "timestamp": "mmddyyyy_HHMMss"
      },
      "version": "6.0.1"
    }
  }
}